[2023-10-15 02:33:37,704: INFO: main: Welcome to our custom log]
[2023-10-15 02:36:09,747: INFO: main: Welcome to our custom log]
[2023-10-17 23:53:25,254: INFO: common: yaml file: config\config.yaml loaded successfully]
[2023-10-17 23:53:25,386: INFO: common: yaml file: params.yaml loaded successfully]
[2023-10-17 23:53:25,429: INFO: common: created directory at: artifacts]
[2023-10-17 23:53:25,432: INFO: common: created directory at: artifacts/data_ingestion]
[2023-10-17 23:53:25,435: INFO: 986331348: Downloading data from https://drive.google.com/file/d/12uJKQ_aOEEYpen2XJie583nceD5Tg73J/view?usp=sharing into file artifacts/data_ingestion/data.rar]
[2023-10-17 23:53:46,262: INFO: 986331348: Downloaded data from https://drive.google.com/file/d/12uJKQ_aOEEYpen2XJie583nceD5Tg73J/view?usp=sharing into file artifacts/data_ingestion/data.rar]
[2023-10-18 00:05:42,583: INFO: common: yaml file: config\config.yaml loaded successfully]
[2023-10-18 00:05:42,587: INFO: common: yaml file: params.yaml loaded successfully]
[2023-10-18 00:05:42,591: INFO: common: created directory at: artifacts]
[2023-10-18 00:05:42,594: INFO: common: created directory at: artifacts/data_ingestion]
[2023-10-18 00:05:42,597: INFO: 986331348: Downloading data from https://drive.google.com/file/d/12uJKQ_aOEEYpen2XJie583nceD5Tg73J/view?usp=sharing into file artifacts/data_ingestion/data.rar]
[2023-10-18 00:06:01,832: INFO: 986331348: Downloaded data from https://drive.google.com/file/d/12uJKQ_aOEEYpen2XJie583nceD5Tg73J/view?usp=sharing into file artifacts/data_ingestion/data.rar]
[2023-10-18 00:08:03,895: INFO: common: yaml file: config\config.yaml loaded successfully]
[2023-10-18 00:08:03,899: INFO: common: yaml file: params.yaml loaded successfully]
[2023-10-18 00:08:03,903: INFO: common: created directory at: artifacts]
[2023-10-18 00:08:03,907: INFO: common: created directory at: artifacts/data_ingestion]
[2023-10-18 00:08:03,910: INFO: 986331348: Downloading data from https://drive.google.com/file/d/12uJKQ_aOEEYpen2XJie583nceD5Tg73J/view?usp=sharing into file artifacts/data_ingestion/data.rar]
[2023-10-18 00:08:20,769: INFO: 986331348: Downloaded data from https://drive.google.com/file/d/12uJKQ_aOEEYpen2XJie583nceD5Tg73J/view?usp=sharing into file artifacts/data_ingestion/data.rar]
[2023-10-18 00:10:07,434: INFO: common: yaml file: config\config.yaml loaded successfully]
[2023-10-18 00:10:07,438: INFO: common: yaml file: params.yaml loaded successfully]
[2023-10-18 00:10:07,442: INFO: common: created directory at: artifacts]
[2023-10-18 00:10:07,446: INFO: common: created directory at: artifacts/data_ingestion]
[2023-10-18 00:10:07,449: INFO: 2394763813: Downloading data from https://drive.google.com/file/d/12uJKQ_aOEEYpen2XJie583nceD5Tg73J/view?usp=sharing into file artifacts/data_ingestion/data.rar]
[2023-10-18 00:10:25,221: INFO: 2394763813: Downloaded data from https://drive.google.com/file/d/12uJKQ_aOEEYpen2XJie583nceD5Tg73J/view?usp=sharing into file artifacts/data_ingestion/data.rar]
[2023-10-19 00:53:20,968: ERROR: main: name 'STAGE_NAME' is not defined]
Traceback (most recent call last):
  File "main.py", line 5, in <module>
    logger.info(f">>>>>> stage {STAGE_NAME} started")
NameError: name 'STAGE_NAME' is not defined
[2023-10-19 00:54:00,931: ERROR: main: name 'STAGE_NAME' is not defined]
Traceback (most recent call last):
  File "main.py", line 5, in <module>
    logger.info(f">>>>>> stage {STAGE_NAME} started")
NameError: name 'STAGE_NAME' is not defined
[2023-10-19 00:56:39,984: ERROR: main: name 'STAGE_NAME' is not defined]
Traceback (most recent call last):
  File "main.py", line 6, in <module>
    logger.info(f">>>>>> stage {STAGE_NAME} started")
NameError: name 'STAGE_NAME' is not defined
[2023-10-19 00:59:10,011: INFO: main: >>>>>> stage Data Ingestion stage started]
[2023-10-19 00:59:10,022: INFO: common: yaml file: config\config.yaml loaded successfully]
[2023-10-19 00:59:10,036: INFO: common: yaml file: params.yaml loaded successfully]
[2023-10-19 00:59:10,038: INFO: common: created directory at: artifacts]
[2023-10-19 00:59:10,039: INFO: common: created directory at: artifacts/data_ingestion]
[2023-10-19 00:59:10,040: INFO: data_ingestion: Downloading data from https://drive.google.com/file/d/12uJKQ_aOEEYpen2XJie583nceD5Tg73J/view?usp=sharing into file artifacts/data_ingestion/data.rar]
[2023-10-19 00:59:33,484: INFO: data_ingestion: Downloaded data from https://drive.google.com/file/d/12uJKQ_aOEEYpen2XJie583nceD5Tg73J/view?usp=sharing into file artifacts/data_ingestion/data.rar]
[2023-10-19 00:59:35,475: INFO: main: >>>>>> stage Data Ingestion stage completed <<<<<<

x==========x]
[2023-10-21 01:38:29,597: INFO: common: yaml file: config\config.yaml loaded successfully]
[2023-10-21 01:38:29,662: INFO: common: yaml file: params.yaml loaded successfully]
[2023-10-21 01:38:29,701: INFO: common: created directory at: artifacts]
[2023-10-21 01:38:29,705: INFO: common: created directory at: artifacts/prepare_base_model]
[2023-10-21 01:38:49,860: WARNING: saving_utils: Compiled the loaded model, but the compiled metrics have yet to be built. `model.compile_metrics` will be empty until you train or evaluate the model.]
[2023-10-21 01:59:59,095: INFO: main: >>>>>> stage Data Ingestion stage started]
[2023-10-21 01:59:59,101: INFO: common: yaml file: config\config.yaml loaded successfully]
[2023-10-21 01:59:59,105: INFO: common: yaml file: params.yaml loaded successfully]
[2023-10-21 01:59:59,107: INFO: common: created directory at: artifacts]
[2023-10-21 01:59:59,159: INFO: common: created directory at: artifacts/data_ingestion]
[2023-10-21 01:59:59,161: INFO: data_ingestion: Downloading data from https://drive.google.com/file/d/12uJKQ_aOEEYpen2XJie583nceD5Tg73J/view?usp=sharing into file artifacts/data_ingestion/data.rar]
[2023-10-21 02:00:17,305: INFO: data_ingestion: Downloaded data from https://drive.google.com/file/d/12uJKQ_aOEEYpen2XJie583nceD5Tg73J/view?usp=sharing into file artifacts/data_ingestion/data.rar]
[2023-10-21 02:00:19,471: INFO: main: >>>>>> stage Data Ingestion stage completed <<<<<<

x==========x]
[2023-10-21 02:00:19,472: INFO: main: ***************]
[2023-10-21 02:00:19,472: INFO: main: >>>>>> stage Prepare Base Model started]
[2023-10-21 02:00:19,480: INFO: common: yaml file: config\config.yaml loaded successfully]
[2023-10-21 02:00:19,488: INFO: common: yaml file: params.yaml loaded successfully]
[2023-10-21 02:00:19,492: INFO: common: created directory at: artifacts]
[2023-10-21 02:00:19,498: INFO: common: created directory at: artifacts/prepare_base_model]
[2023-10-21 02:00:20,930: WARNING: saving_utils: Compiled the loaded model, but the compiled metrics have yet to be built. `model.compile_metrics` will be empty until you train or evaluate the model.]
[2023-10-21 02:00:21,859: INFO: main: >>>>>> stage Prepare Base Model completed <<<<<<

x==========x]
[2023-10-21 22:09:37,974: INFO: common: yaml file: config\config.yaml loaded successfully]
[2023-10-21 22:09:38,119: INFO: common: yaml file: params.yaml loaded successfully]
[2023-10-21 22:09:38,125: INFO: common: created directory at: artifacts]
[2023-10-21 22:14:31,068: INFO: common: yaml file: config\config.yaml loaded successfully]
[2023-10-21 22:14:31,075: INFO: common: yaml file: params.yaml loaded successfully]
[2023-10-21 22:14:31,079: INFO: common: created directory at: artifacts]
[2023-10-21 22:18:25,967: INFO: common: yaml file: config\config.yaml loaded successfully]
[2023-10-21 22:18:25,974: INFO: common: yaml file: params.yaml loaded successfully]
[2023-10-21 22:18:25,977: INFO: common: created directory at: artifacts]
[2023-10-21 22:22:09,879: INFO: common: yaml file: config\config.yaml loaded successfully]
[2023-10-21 22:22:09,891: INFO: common: yaml file: params.yaml loaded successfully]
[2023-10-21 22:22:09,895: INFO: common: created directory at: artifacts]
[2023-10-21 22:29:50,177: INFO: common: yaml file: config\config.yaml loaded successfully]
[2023-10-21 22:29:50,184: INFO: common: yaml file: params.yaml loaded successfully]
[2023-10-21 22:29:50,186: INFO: common: created directory at: artifacts]
[2023-10-21 22:34:55,792: INFO: common: yaml file: config\config.yaml loaded successfully]
[2023-10-21 22:34:55,801: INFO: common: yaml file: params.yaml loaded successfully]
[2023-10-21 22:34:55,805: INFO: common: created directory at: artifacts]
[2023-10-21 22:39:40,319: INFO: common: yaml file: config\config.yaml loaded successfully]
[2023-10-21 22:39:40,328: INFO: common: yaml file: params.yaml loaded successfully]
[2023-10-21 22:39:40,332: INFO: common: created directory at: artifacts]
[2023-10-21 22:39:55,991: INFO: common: yaml file: config\config.yaml loaded successfully]
[2023-10-21 22:39:55,999: INFO: common: yaml file: params.yaml loaded successfully]
[2023-10-21 22:39:56,002: INFO: common: created directory at: artifacts]
[2023-10-21 22:40:24,611: INFO: common: yaml file: config\config.yaml loaded successfully]
[2023-10-21 22:40:24,617: INFO: common: yaml file: params.yaml loaded successfully]
[2023-10-21 22:40:24,620: INFO: common: created directory at: artifacts]
[2023-10-21 22:40:59,676: INFO: common: yaml file: config\config.yaml loaded successfully]
[2023-10-21 22:40:59,681: INFO: common: yaml file: params.yaml loaded successfully]
[2023-10-21 22:40:59,685: INFO: common: created directory at: artifacts]
[2023-10-21 22:46:36,076: INFO: main: >>>>>> stage Data Ingestion stage started]
[2023-10-21 22:46:36,082: INFO: common: yaml file: config\config.yaml loaded successfully]
[2023-10-21 22:46:36,088: INFO: common: yaml file: params.yaml loaded successfully]
[2023-10-21 22:46:36,090: INFO: common: created directory at: artifacts]
[2023-10-21 22:46:36,092: INFO: common: created directory at: artifacts/data_ingestion]
[2023-10-21 22:46:36,093: INFO: data_ingestion: Downloading data from https://drive.google.com/file/d/12uJKQ_aOEEYpen2XJie583nceD5Tg73J/view?usp=sharing into file artifacts/data_ingestion/data.rar]
[2023-10-21 22:46:51,773: INFO: data_ingestion: Downloaded data from https://drive.google.com/file/d/12uJKQ_aOEEYpen2XJie583nceD5Tg73J/view?usp=sharing into file artifacts/data_ingestion/data.rar]
[2023-10-21 22:47:11,914: INFO: main: >>>>>> stage Data Ingestion stage completed <<<<<<

x==========x]
[2023-10-21 22:47:11,915: INFO: main: ***************]
[2023-10-21 22:47:11,916: INFO: main: >>>>>> stage Prepare Base Model started]
[2023-10-21 22:47:11,924: INFO: common: yaml file: config\config.yaml loaded successfully]
[2023-10-21 22:47:11,930: INFO: common: yaml file: params.yaml loaded successfully]
[2023-10-21 22:47:11,943: INFO: common: created directory at: artifacts]
[2023-10-21 22:47:11,946: INFO: common: created directory at: artifacts/prepare_base_model]
[2023-10-21 22:47:13,073: WARNING: saving_utils: Compiled the loaded model, but the compiled metrics have yet to be built. `model.compile_metrics` will be empty until you train or evaluate the model.]
[2023-10-21 22:47:16,772: INFO: main: >>>>>> stage Prepare Base Model completed <<<<<<

x==========x]
[2023-10-21 22:47:40,522: INFO: common: yaml file: config\config.yaml loaded successfully]
[2023-10-21 22:47:40,530: INFO: common: yaml file: params.yaml loaded successfully]
[2023-10-21 22:47:40,534: INFO: common: created directory at: artifacts]
[2023-10-21 22:51:05,795: INFO: common: yaml file: config\config.yaml loaded successfully]
[2023-10-21 22:51:05,803: INFO: common: yaml file: params.yaml loaded successfully]
[2023-10-21 22:51:05,808: INFO: common: created directory at: artifacts]
[2023-10-21 22:55:05,779: INFO: common: yaml file: config\config.yaml loaded successfully]
[2023-10-21 22:55:05,787: INFO: common: yaml file: params.yaml loaded successfully]
[2023-10-21 22:55:05,791: INFO: common: created directory at: artifacts]
[2023-10-21 23:07:23,863: INFO: common: yaml file: config\config.yaml loaded successfully]
[2023-10-21 23:07:23,871: INFO: common: yaml file: params.yaml loaded successfully]
[2023-10-21 23:07:23,875: INFO: common: created directory at: artifacts]
[2023-10-22 01:23:13,470: INFO: common: yaml file: config\config.yaml loaded successfully]
[2023-10-22 01:23:13,478: INFO: common: yaml file: params.yaml loaded successfully]
[2023-10-22 01:23:13,482: INFO: common: created directory at: artifacts]
[2023-10-22 01:44:55,351: INFO: common: yaml file: config\config.yaml loaded successfully]
[2023-10-22 01:44:55,356: INFO: common: yaml file: params.yaml loaded successfully]
[2023-10-22 01:44:55,359: INFO: common: created directory at: artifacts]
[2023-10-22 01:46:33,194: INFO: common: yaml file: config\config.yaml loaded successfully]
[2023-10-22 01:46:33,204: INFO: common: yaml file: params.yaml loaded successfully]
[2023-10-22 01:46:33,207: INFO: common: created directory at: artifacts]
[2023-10-22 01:47:01,196: INFO: common: yaml file: config\config.yaml loaded successfully]
[2023-10-22 01:47:01,206: INFO: common: yaml file: params.yaml loaded successfully]
[2023-10-22 01:47:01,209: INFO: common: created directory at: artifacts]
[2023-10-22 13:28:46,423: INFO: common: yaml file: config\config.yaml loaded successfully]
[2023-10-22 13:28:46,460: INFO: common: yaml file: params.yaml loaded successfully]
[2023-10-22 13:28:46,465: INFO: common: created directory at: artifacts]
[2023-10-22 13:41:40,060: INFO: common: yaml file: config\config.yaml loaded successfully]
[2023-10-22 13:41:40,068: INFO: common: yaml file: params.yaml loaded successfully]
[2023-10-22 13:41:40,071: INFO: common: created directory at: artifacts]
[2023-10-22 13:45:54,624: INFO: common: yaml file: config\config.yaml loaded successfully]
[2023-10-22 13:45:54,631: INFO: common: yaml file: params.yaml loaded successfully]
[2023-10-22 13:45:54,635: INFO: common: created directory at: artifacts]
[2023-10-22 13:46:54,102: INFO: common: yaml file: config\config.yaml loaded successfully]
[2023-10-22 13:46:54,113: INFO: common: yaml file: params.yaml loaded successfully]
[2023-10-22 13:46:54,118: INFO: common: created directory at: artifacts]
[2023-10-22 13:47:29,144: INFO: common: yaml file: config\config.yaml loaded successfully]
[2023-10-22 13:47:29,151: INFO: common: yaml file: params.yaml loaded successfully]
[2023-10-22 13:47:29,155: INFO: common: created directory at: artifacts]
[2023-10-22 13:52:14,929: INFO: common: yaml file: config\config.yaml loaded successfully]
[2023-10-22 13:52:14,937: INFO: common: yaml file: params.yaml loaded successfully]
[2023-10-22 13:52:14,941: INFO: common: created directory at: artifacts]
[2023-10-22 13:55:31,761: INFO: common: yaml file: config\config.yaml loaded successfully]
[2023-10-22 13:55:31,767: INFO: common: yaml file: params.yaml loaded successfully]
[2023-10-22 13:55:31,771: INFO: common: created directory at: artifacts]
[2023-10-22 14:31:35,004: INFO: common: yaml file: config\config.yaml loaded successfully]
[2023-10-22 14:31:35,018: INFO: common: yaml file: params.yaml loaded successfully]
[2023-10-22 14:31:35,020: INFO: common: created directory at: artifacts]
[2023-10-22 14:33:39,814: INFO: common: yaml file: config\config.yaml loaded successfully]
[2023-10-22 14:33:39,821: INFO: common: yaml file: params.yaml loaded successfully]
[2023-10-22 14:33:39,824: INFO: common: created directory at: artifacts]
[2023-10-22 15:11:27,730: INFO: common: yaml file: config\config.yaml loaded successfully]
[2023-10-22 15:11:27,735: INFO: common: yaml file: params.yaml loaded successfully]
[2023-10-22 15:11:27,739: INFO: common: created directory at: artifacts]
[2023-10-22 15:14:33,503: INFO: common: yaml file: config\config.yaml loaded successfully]
[2023-10-22 15:14:33,509: INFO: common: yaml file: params.yaml loaded successfully]
[2023-10-22 15:14:33,511: INFO: common: created directory at: artifacts]
[2023-10-22 15:14:33,573: INFO: common: created directory at: artifacts\training]
[2023-10-23 01:13:24,436: INFO: common: yaml file: config\config.yaml loaded successfully]
[2023-10-23 01:13:24,443: INFO: common: yaml file: params.yaml loaded successfully]
[2023-10-23 01:13:24,446: INFO: common: created directory at: artifacts]
[2023-10-23 01:13:24,449: INFO: common: created directory at: artifacts\training]
[2023-10-23 01:21:18,932: INFO: common: yaml file: config\config.yaml loaded successfully]
[2023-10-23 01:21:18,942: INFO: common: yaml file: params.yaml loaded successfully]
[2023-10-23 01:21:18,944: INFO: common: created directory at: artifacts]
[2023-10-23 01:21:19,038: INFO: common: created directory at: artifacts\training]
[2023-10-23 01:26:27,078: INFO: common: yaml file: config\config.yaml loaded successfully]
[2023-10-23 01:26:27,085: INFO: common: yaml file: params.yaml loaded successfully]
[2023-10-23 01:26:27,087: INFO: common: created directory at: artifacts]
[2023-10-23 01:26:27,091: INFO: common: created directory at: artifacts\training]
[2023-10-23 01:27:10,471: INFO: common: yaml file: config\config.yaml loaded successfully]
[2023-10-23 01:27:10,480: INFO: common: yaml file: params.yaml loaded successfully]
[2023-10-23 01:27:10,482: INFO: common: created directory at: artifacts]
[2023-10-23 01:27:10,485: INFO: common: created directory at: artifacts\training]
[2023-10-23 01:29:58,228: INFO: common: yaml file: config\config.yaml loaded successfully]
[2023-10-23 01:29:58,236: INFO: common: yaml file: params.yaml loaded successfully]
[2023-10-23 01:29:58,239: INFO: common: created directory at: artifacts]
[2023-10-23 01:29:58,242: INFO: common: created directory at: artifacts\training]
[2023-10-23 01:59:18,216: INFO: main: >>>>>> stage Data Ingestion stage started]
[2023-10-23 01:59:18,221: INFO: common: yaml file: config\config.yaml loaded successfully]
[2023-10-23 01:59:18,231: INFO: common: yaml file: params.yaml loaded successfully]
[2023-10-23 01:59:18,233: INFO: common: created directory at: artifacts]
[2023-10-23 01:59:18,234: INFO: common: created directory at: artifacts/data_ingestion]
[2023-10-23 01:59:18,240: INFO: data_ingestion: Downloading data from https://drive.google.com/file/d/12uJKQ_aOEEYpen2XJie583nceD5Tg73J/view?usp=sharing into file artifacts/data_ingestion/data.rar]
[2023-10-23 02:02:41,250: INFO: data_ingestion: Downloaded data from https://drive.google.com/file/d/12uJKQ_aOEEYpen2XJie583nceD5Tg73J/view?usp=sharing into file artifacts/data_ingestion/data.rar]
[2023-10-23 02:02:42,860: INFO: main: >>>>>> stage Data Ingestion stage completed <<<<<<

x==========x]
[2023-10-23 02:02:42,861: INFO: main: ***************]
[2023-10-23 02:02:42,861: INFO: main: >>>>>> stage Prepare Base Model started]
[2023-10-23 02:02:42,870: INFO: common: yaml file: config\config.yaml loaded successfully]
[2023-10-23 02:02:42,875: INFO: common: yaml file: params.yaml loaded successfully]
[2023-10-23 02:02:42,877: INFO: common: created directory at: artifacts]
[2023-10-23 02:02:42,880: INFO: common: created directory at: artifacts/prepare_base_model]
[2023-10-23 02:02:44,016: WARNING: saving_utils: Compiled the loaded model, but the compiled metrics have yet to be built. `model.compile_metrics` will be empty until you train or evaluate the model.]
[2023-10-23 02:02:44,771: INFO: main: >>>>>> stage Prepare Base Model completed <<<<<<

x==========x]
[2023-10-23 02:02:44,773: INFO: main: ********************]
[2023-10-23 02:02:44,774: INFO: main: >>>>>> stage Training started]
[2023-10-23 02:02:44,780: INFO: common: yaml file: config\config.yaml loaded successfully]
[2023-10-23 02:02:44,785: INFO: common: yaml file: params.yaml loaded successfully]
[2023-10-23 02:02:44,790: INFO: common: created directory at: artifacts]
[2023-10-23 02:02:44,791: INFO: common: created directory at: artifacts\training]
[2023-10-23 02:05:03,030: INFO: main: >>>>>> stage Training completed <<<<<<

x==========x]
